e:\ynov\2d\cpp\platformer\platformer\x64\debug\vc143.pdb
e:\ynov\2d\cpp\platformer\platformer\x64\debug\vc143.idb
e:\ynov\2d\cpp\platformer\platformer\x64\debug\world.obj
e:\ynov\2d\cpp\platformer\platformer\x64\debug\scenemanager.obj
e:\ynov\2d\cpp\platformer\platformer\x64\debug\resourcemanager.obj
e:\ynov\2d\cpp\platformer\platformer\x64\debug\platformer.obj
e:\ynov\2d\cpp\platformer\platformer\x64\debug\platform.obj
e:\ynov\2d\cpp\platformer\platformer\x64\debug\pausemenu.obj
e:\ynov\2d\cpp\platformer\platformer\x64\debug\mob.obj
e:\ynov\2d\cpp\platformer\platformer\x64\debug\mainmenu.obj
e:\ynov\2d\cpp\platformer\platformer\x64\debug\levelselectmenu.obj
e:\ynov\2d\cpp\platformer\platformer\x64\debug\entity.obj
e:\ynov\2d\cpp\platformer\platformer\x64\debug\deathmenu.obj
e:\ynov\2d\cpp\platformer\platformer\x64\debug\player.obj
e:\ynov\2d\cpp\platformer\x64\debug\sfml-graphics-d-2.dll
e:\ynov\2d\cpp\platformer\x64\debug\sfml-window-d-2.dll
e:\ynov\2d\cpp\platformer\x64\debug\sfml-system-d-2.dll
e:\ynov\2d\cpp\platformer\x64\debug\freetyped.dll
e:\ynov\2d\cpp\platformer\x64\debug\zlibd1.dll
e:\ynov\2d\cpp\platformer\x64\debug\bz2d.dll
e:\ynov\2d\cpp\platformer\x64\debug\libpng16d.dll
e:\ynov\2d\cpp\platformer\x64\debug\brotlidec.dll
e:\ynov\2d\cpp\platformer\x64\debug\brotlicommon.dll
e:\ynov\2d\cpp\platformer\x64\debug\platformer.exe
e:\ynov\2d\cpp\platformer\x64\debug\platformer.pdb
e:\ynov\2d\cpp\platformer\platformer\x64\debug\platformer.ilk
e:\ynov\2d\cpp\platformer\platformer\x64\debug\platformer.tlog\cl.read.1.tlog
e:\ynov\2d\cpp\platformer\platformer\x64\debug\platformer.tlog\cl.write.1.tlog
e:\ynov\2d\cpp\platformer\platformer\x64\debug\platformer.tlog\cl.command.1.tlog
e:\ynov\2d\cpp\platformer\platformer\x64\debug\platformer.tlog\link.command.1.tlog
e:\ynov\2d\cpp\platformer\platformer\x64\debug\platformer.tlog\platformer.write.1u.tlog
e:\ynov\2d\cpp\platformer\platformer\x64\debug\platformer.tlog\cl.items.tlog
e:\ynov\2d\cpp\platformer\platformer\x64\debug\platformer.tlog\link.read.1.tlog
e:\ynov\2d\cpp\platformer\platformer\x64\debug\platformer.tlog\link.write.1.tlog
e:\ynov\2d\cpp\platformer\platformer\x64\debug\platformer.tlog\link.secondary.1.tlog
